<?xml version="1.0" encoding="UTF-8"?>
<testsuite name="hu.Progmatic.ParaBank.testcases.customerlogin.ForgotLoginInfoTest" tests="1" skipped="0" failures="0" errors="0" timestamp="2023-03-11T15:27:13" hostname="192.168.0.104" time="4.749">
  <properties/>
  <testcase name="ForgotLogInInfoTestCase" classname="hu.Progmatic.ParaBank.testcases.customerlogin.ForgotLoginInfoTest" time="4.749"/>
  <system-out><![CDATA[Server is Running
Test case execution started
Homepage loaded properly.
Test case execution finished
]]></system-out>
  <system-err><![CDATA[Starting ChromeDriver 111.0.5563.64 (c710e93d5b63b7095afe8c2c17df34408078439d-refs/branch-heads/5563@{#995}) on port 18293
Only local connections are allowed.
Please see https://chromedriver.chromium.org/security-considerations for suggestions on keeping ChromeDriver safe.
ChromeDriver was started successfully.
márc. 11, 2023 4:27:07 DU. org.openqa.selenium.devtools.CdpVersionFinder findNearestMatch
WARNING: Unable to find an exact match for CDP version 111, so returning the closest version found: 108
]]></system-err>
</testsuite>
